<?xml version="1.0" encoding="UTF-8"?>
<!-- Generated by org.testng.reporters.JUnitReportReporter -->
<testsuite hostname="DESKTOP-BAI8GB9" name="runners.TestRunner" tests="2" failures="0" timestamp="3 Mar 2021 20:19:37 GMT" time="5.972" errors="0">
  <testcase name="runScenario" time="1.967" classname="runners.TestRunner"/>
  <testcase name="runScenario" time="4.005" classname="runners.TestRunner"/>
</testsuite> <!-- runners.TestRunner -->
